<?xml version="1.0" encoding="UTF-8"?>
<testsuite name="I as a user i need to automate the proposed API" tests="1" skipped="0" failures="0" errors="0" timestamp="2022-02-17T04:42:31" hostname="DESKTOP-N23TVHT" time="6.271">
  <properties/>
  <testcase name="Get the booking from the API" classname="I as a user i need to automate the proposed API" time="6.271"/>
  <system-out><![CDATA[]]></system-out>
  <system-err><![CDATA[[Test worker] INFO net.thucydides.core.steps.ConsoleLoggingListener - 
        __    _____ _____ ____ _____   ____   _    ____  ____  _____ ____  
  _     \ \  |_   _| ____/ ___|_   _| |  _ \ / \  / ___|/ ___|| ____|  _ \ 
 (_)_____| |   | | |  _| \___ \ | |   | |_) / _ \ \___ \\___ \|  _| | | | |
  _|_____| |   | | | |___ ___) || |   |  __/ ___ \ ___) |___) | |___| |_| |
 (_)     | |   |_| |_____|____/ |_|   |_| /_/   \_\____/|____/|_____|____/ 
        /_/                                                                

TEST PASSED: Get the booking from the API
----------------------------------------------------------------------------
]]></system-err>
</testsuite>
